<?xml version="1.0" encoding="UTF-8"?>
<!-- Generated by org.testng.reporters.JUnitReportReporter -->
<testsuite hostname="Lloyds-MacBook-Air.local" failures="0" tests="2" name="com.scenario2.FlipkartSearchTest" time="111.967" errors="0" timestamp="2024-05-06T07:53:45 IST" skipped="0">
  <testcase classname="com.scenario2.FlipkartSearchTest" name="verifyFlipkartPresence" time="34.346"/>
  <testcase classname="com.scenario2.FlipkartSearchTest" name="searchAndVerifyResults" time="77.621"/>
</testsuite> <!-- com.scenario2.FlipkartSearchTest -->
