<?xml version="1.0" encoding="UTF-8"?>
<!-- Generated by org.testng.reporters.JUnitReportReporter -->
<testsuite hostname="Lloyds-MacBook-Air.local" failures="0" tests="1" name="com.scenario1.ContactFormTest" time="11.423" errors="0" timestamp="2024-05-04T17:21:01 IST" skipped="0">
  <testcase classname="com.scenario1.ContactFormTest" name="testContactFormSubmission" time="11.423"/>
</testsuite> <!-- com.scenario1.ContactFormTest -->
